<?xml version="1.0" encoding="UTF-8"?>
<!-- Generated by org.testng.reporters.JUnitXMLReporter -->
<testsuite ignored="21" hostname="appus-HP-Pavilion-g6-Notebook-PC" failures="0" tests="16" name="Default test" time="146.374" errors="0" timestamp="21 Mar 2021 05:30:42 GMT">
  <testcase classname="com.simplogics.testcases.Loginpage" name="loginpage" time="3.465"/>
  <testcase classname="com.simplogics.testcases.CreateSpace" name="createSpace" time="0.005">
    <skipped/>
  </testcase> <!-- createSpace -->
  <testcase classname="com.simplogics.testcases.Companymenu" name="companymenu" time="1.554"/>
  <testcase classname="com.simplogics.testcases.CreateCompany" name="createCompany" time="4.581"/>
  <testcase classname="com.simplogics.testcases.CompanySearch" name="companySearch" time="12.841"/>
  <testcase classname="com.simplogics.testcases.CompanyEdit" name="companyedit" time="5.201"/>
  <testcase classname="com.simplogics.testcases.Companylocationoption" name="companylocationoption" time="4.418"/>
  <testcase classname="com.simplogics.testcases.ManageCompanyLocation" name="manageCompanyLocation" time="13.201"/>
  <testcase classname="com.simplogics.testcases.Users" name="users" time="2.641"/>
  <testcase classname="com.simplogics.testcases.CreateUsers" name="createUsers" time="22.364"/>
  <testcase classname="com.simplogics.testcases.UserSearch" name="userSearch" time="9.834"/>
  <testcase classname="com.simplogics.testcases.Useredit" name="userEdit" time="11.893"/>
  <testcase classname="com.simplogics.testcases.UserClearSession" name="userClearSession" time="6.506"/>
  <testcase classname="com.simplogics.testcases.UserChangePassword" name="userChnagepassword" time="12.091"/>
  <testcase classname="com.simplogics.testcases.Visits" name="visits" time="0.685"/>
  <testcase classname="com.simplogics.testcases.CreateVisits" name="createVisits" time="15.503"/>
  <testcase classname="com.simplogics.base.BaseData" name="@AfterTest Emailsend" time="0.0">
    <ignored/>
  </testcase> <!-- @AfterTest Emailsend -->
  <testcase classname="com.simplogics.base.BaseData" name="@AfterTest Emailsend" time="0.0">
    <ignored/>
  </testcase> <!-- @AfterTest Emailsend -->
  <testcase classname="com.simplogics.base.BaseData" name="@AfterTest Emailsend" time="0.0">
    <ignored/>
  </testcase> <!-- @AfterTest Emailsend -->
  <testcase classname="com.simplogics.base.BaseData" name="@AfterTest Emailsend" time="0.0">
    <ignored/>
  </testcase> <!-- @AfterTest Emailsend -->
  <testcase classname="com.simplogics.base.BaseData" name="@AfterTest Emailsend" time="0.0">
    <ignored/>
  </testcase> <!-- @AfterTest Emailsend -->
  <testcase classname="com.simplogics.base.BaseData" name="@AfterTest Emailsend" time="0.0">
    <ignored/>
  </testcase> <!-- @AfterTest Emailsend -->
  <testcase classname="com.simplogics.base.BaseData" name="@AfterTest Emailsend" time="0.0">
    <ignored/>
  </testcase> <!-- @AfterTest Emailsend -->
  <testcase classname="com.simplogics.base.BaseData" name="@AfterTest Emailsend" time="0.0">
    <ignored/>
  </testcase> <!-- @AfterTest Emailsend -->
  <testcase classname="com.simplogics.base.BaseData" name="@AfterTest Emailsend" time="0.0">
    <ignored/>
  </testcase> <!-- @AfterTest Emailsend -->
  <testcase classname="com.simplogics.base.BaseData" name="@AfterTest Emailsend" time="0.0">
    <ignored/>
  </testcase> <!-- @AfterTest Emailsend -->
  <testcase classname="com.simplogics.base.BaseData" name="@AfterTest Emailsend" time="0.0">
    <ignored/>
  </testcase> <!-- @AfterTest Emailsend -->
  <testcase classname="com.simplogics.base.BaseData" name="@AfterTest Emailsend" time="0.0">
    <ignored/>
  </testcase> <!-- @AfterTest Emailsend -->
  <testcase classname="com.simplogics.base.BaseData" name="@AfterTest Emailsend" time="0.0">
    <ignored/>
  </testcase> <!-- @AfterTest Emailsend -->
  <testcase classname="com.simplogics.base.BaseData" name="@AfterTest Emailsend" time="0.0">
    <ignored/>
  </testcase> <!-- @AfterTest Emailsend -->
  <testcase classname="com.simplogics.base.BaseData" name="@AfterTest Emailsend" time="0.0">
    <ignored/>
  </testcase> <!-- @AfterTest Emailsend -->
  <testcase classname="com.simplogics.base.BaseData" name="@AfterTest Emailsend" time="0.0">
    <ignored/>
  </testcase> <!-- @AfterTest Emailsend -->
  <testcase classname="com.simplogics.base.BaseData" name="@AfterTest Emailsend" time="0.0">
    <ignored/>
  </testcase> <!-- @AfterTest Emailsend -->
  <testcase classname="com.simplogics.base.BaseData" name="@AfterTest Emailsend" time="0.0">
    <ignored/>
  </testcase> <!-- @AfterTest Emailsend -->
  <testcase classname="com.simplogics.base.BaseData" name="@AfterTest Emailsend" time="0.0">
    <ignored/>
  </testcase> <!-- @AfterTest Emailsend -->
  <testcase classname="com.simplogics.base.BaseData" name="@AfterTest Emailsend" time="0.0">
    <ignored/>
  </testcase> <!-- @AfterTest Emailsend -->
  <testcase classname="com.simplogics.base.BaseData" name="@AfterTest Emailsend" time="0.0">
    <ignored/>
  </testcase> <!-- @AfterTest Emailsend -->
</testsuite> <!-- Default test -->
